[debug] [2023-06-23T01:53:53.573Z] ----------------------------------------------------------------------
[debug] [2023-06-23T01:53:53.575Z] Command:       C:\Program Files\nodejs\node.exe C:\Users\Luis\AppData\Roaming\npm\node_modules\firebase-tools\lib\bin\firebase.js init
[debug] [2023-06-23T01:53:53.575Z] CLI Version:   12.4.0
[debug] [2023-06-23T01:53:53.575Z] Platform:      win32
[debug] [2023-06-23T01:53:53.575Z] Node Version:  v16.15.1
[debug] [2023-06-23T01:53:53.576Z] Time:          Thu Jun 22 2023 20:53:53 GMT-0500 (hora de verano central)
[debug] [2023-06-23T01:53:53.576Z] ----------------------------------------------------------------------
[debug] 
[debug] [2023-06-23T01:53:53.578Z] >>> [apiv2][query] GET https://firebase-public.firebaseio.com/cli.json [none]
[debug] [2023-06-23T01:53:53.596Z] > command requires scopes: ["email","openid","https://www.googleapis.com/auth/cloudplatformprojects.readonly","https://www.googleapis.com/auth/firebase","https://www.googleapis.com/auth/cloud-platform"]
[debug] [2023-06-23T01:53:53.597Z] > authorizing via signed-in user (ahdeanda@gmail.com)
[info] 
     ######## #### ########  ######## ########     ###     ######  ########
     ##        ##  ##     ## ##       ##     ##  ##   ##  ##       ##
     ######    ##  ########  ######   ########  #########  ######  ######
     ##        ##  ##    ##  ##       ##     ## ##     ##       ## ##
     ##       #### ##     ## ######## ########  ##     ##  ######  ########

You're about to initialize a Firebase project in this directory:

  C:\Users\Luis\Documents\GitHub\ExamenT\f_examen

[debug] [2023-06-23T01:53:53.749Z] <<< [apiv2][status] GET https://firebase-public.firebaseio.com/cli.json 200
[debug] [2023-06-23T01:53:53.749Z] <<< [apiv2][body] GET https://firebase-public.firebaseio.com/cli.json {"cloudBuildErrorAfter":1594252800000,"cloudBuildWarnAfter":1590019200000,"defaultNode10After":1594252800000,"minVersion":"3.0.5","node8DeploysDisabledAfter":1613390400000,"node8RuntimeDisabledAfter":1615809600000,"node8WarnAfter":1600128000000}
